cl : command line  warning D9002: ignoring unknown option '-Xclang'
cl : command line  warning D9002: ignoring unknown option '-std=c++20'
  lexer.cpp
C:\Program Files\Microsoft Visual Studio\2022\Community\VC\Tools\MSVC\14.42.34433\include\utility(292,61): warning C4244: 'initializing': conversion from '_Ty' to '_Ty2', possible loss of data
C:\Program Files\Microsoft Visual Studio\2022\Community\VC\Tools\MSVC\14.42.34433\include\utility(292,61): warning C4244:         with
C:\Program Files\Microsoft Visual Studio\2022\Community\VC\Tools\MSVC\14.42.34433\include\utility(292,61): warning C4244:         [
C:\Program Files\Microsoft Visual Studio\2022\Community\VC\Tools\MSVC\14.42.34433\include\utility(292,61): warning C4244:             _Ty=uint64_t
C:\Program Files\Microsoft Visual Studio\2022\Community\VC\Tools\MSVC\14.42.34433\include\utility(292,61): warning C4244:         ]
C:\Program Files\Microsoft Visual Studio\2022\Community\VC\Tools\MSVC\14.42.34433\include\utility(292,61): warning C4244:         and
C:\Program Files\Microsoft Visual Studio\2022\Community\VC\Tools\MSVC\14.42.34433\include\utility(292,61): warning C4244:         [
C:\Program Files\Microsoft Visual Studio\2022\Community\VC\Tools\MSVC\14.42.34433\include\utility(292,61): warning C4244:             _Ty2=unsigned int
C:\Program Files\Microsoft Visual Studio\2022\Community\VC\Tools\MSVC\14.42.34433\include\utility(292,61): warning C4244:         ]
  (compiling source file 'lexer.cpp')
      C:\Program Files\Microsoft Visual Studio\2022\Community\VC\Tools\MSVC\14.42.34433\include\utility(292,61):
      the template instantiation context (the oldest one first) is
          C:\llvm\llvm\include\llvm\Transforms\Utils\InstructionWorklist.h(62,42):
          see reference to function template instantiation 'std::pair<KeyT,ValueT>::pair<llvm::Instruction*,unsigned __int64,0>(std::pair<llvm::Instruction *,unsigned __int64> &&) noexcept' being compiled
          with
          [
              KeyT=llvm::Instruction *,
              ValueT=unsigned int
          ]
              C:\llvm\llvm\include\llvm\Transforms\Utils\InstructionWorklist.h(62,5):
              see the first reference to 'std::pair<KeyT,ValueT>::pair' in 'llvm::InstructionWorklist::push'
          with
          [
              KeyT=llvm::Instruction *,
              ValueT=unsigned int
          ]
  
  Generating code
  Previous IPDB and IOBJ mismatch, fall back to full compilation.
  All 4021 functions were compiled because no usable IPDB/IOBJ from previous compilation was found.
  Finished generating code
  Ankh.vcxproj -> C:\Users\dwdjr\source\repos\Ankh\Ankh\Ankh.exe
