c:\users\dwdjr\source\repos\ankh\ankh\ankh\x64\release\vc143.pdb
c:\users\dwdjr\source\repos\ankh\ankh\ankh\x64\release\lexer.obj
c:\users\dwdjr\source\repos\ankh\ankh\ankh\x64\release\ankh.tlog\cl.command.1.tlog
c:\users\dwdjr\source\repos\ankh\ankh\ankh\x64\release\ankh.tlog\cl.read.1.tlog
c:\users\dwdjr\source\repos\ankh\ankh\ankh\x64\release\ankh.tlog\cl.write.1.tlog
c:\users\dwdjr\source\repos\ankh\ankh\ankh\x64\release\ankh.tlog\clang-cl.command.1.tlog
c:\users\dwdjr\source\repos\ankh\ankh\ankh\x64\release\ankh.tlog\clang-cl.read.1.tlog
c:\users\dwdjr\source\repos\ankh\ankh\ankh\x64\release\ankh.tlog\clang-cl.write.1.tlog
c:\users\dwdjr\source\repos\ankh\ankh\ankh\x64\release\ankh.tlog\link.command.1.tlog
c:\users\dwdjr\source\repos\ankh\ankh\ankh\x64\release\ankh.tlog\link.read.1.tlog
c:\users\dwdjr\source\repos\ankh\ankh\ankh\x64\release\ankh.tlog\link.write.1.tlog
c:\users\dwdjr\source\repos\ankh\ankh\ankh\x64\release\ankh.tlog\lld-link.command.1.tlog
c:\users\dwdjr\source\repos\ankh\ankh\ankh\x64\release\ankh.tlog\lld-link.read.1.tlog
c:\users\dwdjr\source\repos\ankh\ankh\ankh\x64\release\ankh.tlog\lld-link.read.10.tlog
c:\users\dwdjr\source\repos\ankh\ankh\ankh\x64\release\ankh.tlog\lld-link.read.11.tlog
c:\users\dwdjr\source\repos\ankh\ankh\ankh\x64\release\ankh.tlog\lld-link.read.2.tlog
c:\users\dwdjr\source\repos\ankh\ankh\ankh\x64\release\ankh.tlog\lld-link.read.3.tlog
c:\users\dwdjr\source\repos\ankh\ankh\ankh\x64\release\ankh.tlog\lld-link.read.4.tlog
c:\users\dwdjr\source\repos\ankh\ankh\ankh\x64\release\ankh.tlog\lld-link.read.5.tlog
c:\users\dwdjr\source\repos\ankh\ankh\ankh\x64\release\ankh.tlog\lld-link.read.6.tlog
c:\users\dwdjr\source\repos\ankh\ankh\ankh\x64\release\ankh.tlog\lld-link.read.7.tlog
c:\users\dwdjr\source\repos\ankh\ankh\ankh\x64\release\ankh.tlog\lld-link.read.8.tlog
c:\users\dwdjr\source\repos\ankh\ankh\ankh\x64\release\ankh.tlog\lld-link.read.9.tlog
c:\users\dwdjr\source\repos\ankh\ankh\ankh\x64\release\ankh.tlog\lld-link.write.1.tlog
